<?xml version="1.0" encoding="UTF-8"?>
<testng-results skipped="0" failed="0" ignored="0" total="1" passed="1">
  <reporter-output>
  </reporter-output>
  <suite name="Default suite" duration-ms="59153" started-at="2019-09-29T00:52:25 CDT" finished-at="2019-09-29T00:53:24 CDT">
    <groups>
    </groups>
    <test name="Default test" duration-ms="59153" started-at="2019-09-29T00:52:25 CDT" finished-at="2019-09-29T00:53:24 CDT">
      <class name="com.training.sanity.tests.AddCourseTests">
        <test-method status="PASS" signature="setUpBeforeClass()[pri:0, instance:com.training.sanity.tests.AddCourseTests@6ebc05a6]" name="setUpBeforeClass" is-config="true" duration-ms="55" started-at="2019-09-29T00:52:25 CDT" finished-at="2019-09-29T00:52:25 CDT">
          <reporter-output>
          </reporter-output>
        </test-method> <!-- setUpBeforeClass -->
        <test-method status="PASS" signature="setUp()[pri:0, instance:com.training.sanity.tests.AddCourseTests@6ebc05a6]" name="setUp" is-config="true" duration-ms="26344" started-at="2019-09-29T00:52:25 CDT" finished-at="2019-09-29T00:52:52 CDT">
          <reporter-output>
          </reporter-output>
        </test-method> <!-- setUp -->
        <test-method status="PASS" signature="validAddCourse()[pri:0, instance:com.training.sanity.tests.AddCourseTests@6ebc05a6]" name="validAddCourse" duration-ms="29757" started-at="2019-09-29T00:52:52 CDT" finished-at="2019-09-29T00:53:21 CDT">
          <reporter-output>
          </reporter-output>
        </test-method> <!-- validAddCourse -->
        <test-method status="PASS" signature="tearDown()[pri:0, instance:com.training.sanity.tests.AddCourseTests@6ebc05a6]" name="tearDown" is-config="true" duration-ms="2779" started-at="2019-09-29T00:53:21 CDT" finished-at="2019-09-29T00:53:24 CDT">
          <reporter-output>
          </reporter-output>
        </test-method> <!-- tearDown -->
      </class> <!-- com.training.sanity.tests.AddCourseTests -->
    </test> <!-- Default test -->
  </suite> <!-- Default suite -->
</testng-results>
